# JRE version: Java(TM) SE Runtime Environment (19.0.2+7) (build 19.0.2+7-44)
# Java VM: Java HotSpot(TM) 64-Bit Server VM (19.0.2+7-44, mixed mode, emulated-client, sharing, tiered, compressed oops, compressed class ptrs, g1 gc, windows-amd64)
GC Precious Log:
 CardTable entry size: 512
 Card Set container configuration: InlinePtr #cards 5 size 8 Array Of Cards #cards 12 size 40 Howl #buckets 4 coarsen threshold 1843 Howl Bitmap #cards 512 size 80 coarsen threshold 460 Card regions per heap region 1 cards per card region 2048
 CPUs: 4 total, 4 available
 Memory: 8072M
 Large Page Support: Disabled
 NUMA Support: Disabled
 Compressed Oops: Enabled (32-bit)
 Heap Region Size: 1M
 Heap Min Capacity: 8M
 Heap Initial Capacity: 128M
 Heap Max Capacity: 2020M
 Pre-touch: Disabled
 Parallel Workers: 4
 Concurrent Workers: 1
 Concurrent Refinement Workers: 4
 Periodic GC: Disabled
Heap:
 garbage-first heap   total 131072K, used 10910K [0x0000000081c00000, 0x0000000100000000)
  region size 1024K, 8 young (8192K), 7 survivors (7168K)
 Metaspace       used 21164K, committed 21568K, reserved 1114112K
  class space    used 2753K, committed 2944K, reserved 1048576K
GC Heap History (8 events):
Event: 2.363 GC heap before
{Heap before GC invocations=0 (full 0):
 garbage-first heap   total 131072K, used 13312K [0x0000000081c00000, 0x0000000100000000)
  region size 1024K, 13 young (13312K), 0 survivors (0K)
 Metaspace       used 5195K, committed 5440K, reserved 1114112K
  class space    used 595K, committed 704K, reserved 1048576K
}
Event: 2.374 GC heap after
{Heap after GC invocations=1 (full 0):
 garbage-first heap   total 131072K, used 4608K [0x0000000081c00000, 0x0000000100000000)
  region size 1024K, 2 young (2048K), 2 survivors (2048K)
 Metaspace       used 5195K, committed 5440K, reserved 1114112K
  class space    used 595K, committed 704K, reserved 1048576K
}
Event: 3.322 GC heap before
{Heap before GC invocations=1 (full 0):
 garbage-first heap   total 131072K, used 16896K [0x0000000081c00000, 0x0000000100000000)
  region size 1024K, 15 young (15360K), 2 survivors (2048K)
 Metaspace       used 8639K, committed 8896K, reserved 1114112K
  class space    used 1041K, committed 1152K, reserved 1048576K
}
Event: 3.328 GC heap after
{Heap after GC invocations=2 (full 0):
 garbage-first heap   total 131072K, used 5543K [0x0000000081c00000, 0x0000000100000000)
  region size 1024K, 1 young (1024K), 1 survivors (1024K)
 Metaspace       used 8639K, committed 8896K, reserved 1114112K
  class space    used 1041K, committed 1152K, reserved 1048576K
}
Event: 4.978 GC heap before
{Heap before GC invocations=2 (full 0):
 garbage-first heap   total 131072K, used 42407K [0x0000000081c00000, 0x0000000100000000)
  region size 1024K, 38 young (38912K), 1 survivors (1024K)
 Metaspace       used 17284K, committed 17600K, reserved 1114112K
  class space    used 2186K, committed 2304K, reserved 1048576K
}
Event: 4.988 GC heap after
{Heap after GC invocations=3 (full 0):
 garbage-first heap   total 131072K, used 8174K [0x0000000081c00000, 0x0000000100000000)
  region size 1024K, 4 young (4096K), 4 survivors (4096K)
 Metaspace       used 17284K, committed 17600K, reserved 1114112K
  class space    used 2186K, committed 2304K, reserved 1048576K
}
Event: 7.391 GC heap before
{Heap before GC invocations=3 (full 0):
 garbage-first heap   total 131072K, used 44014K [0x0000000081c00000, 0x0000000100000000)
  region size 1024K, 40 young (40960K), 4 survivors (4096K)
 Metaspace       used 21146K, committed 21504K, reserved 1114112K
  class space    used 2751K, committed 2944K, reserved 1048576K
}
Event: 7.413 GC heap after
{Heap after GC invocations=4 (full 0):
 garbage-first heap   total 131072K, used 10910K [0x0000000081c00000, 0x0000000100000000)
  region size 1024K, 7 young (7168K), 7 survivors (7168K)
 Metaspace       used 21146K, committed 21504K, reserved 1114112K
  class space    used 2751K, committed 2944K, reserved 1048576K
}

